I1103 18:15:12.007019 ethdb/database.go:82] Alloted 128MB cache and 1024 file handles to /home/daithi/.ethereum/testnet/chaindata
I1103 18:15:13.354848 ethdb/database.go:169] closed db:/home/daithi/.ethereum/testnet/chaindata
I1103 18:15:13.497864 ethdb/database.go:82] Alloted 128MB cache and 1024 file handles to /home/daithi/.ethereum/testnet/chaindata
I1103 18:15:14.142427 ethdb/database.go:82] Alloted 16MB cache and 16 file handles to /home/daithi/.ethereum/testnet/dapp
I1103 18:15:14.174276 eth/backend.go:172] Protocol Versions: [63 62], Network Id: 2
I1103 18:15:14.175908 core/genesis.go:92] Genesis block already in chain. Writing canonical number
I1103 18:15:14.176014 eth/backend.go:180] Successfully wrote custom genesis block: 0cd786a2425d16f152c658316c423e6ce1181e15c3295826d7c9904cba9ce303
I1103 18:15:14.213738 eth/backend.go:201] Blockchain DB Version: 3
I1103 18:15:14.225988 core/blockchain.go:206] Last header: #1801720 [b9ce03c8…] TD=395736105788407
I1103 18:15:14.226032 core/blockchain.go:207] Last block: #1801720 [b9ce03c8…] TD=395736105788407
I1103 18:15:14.226049 core/blockchain.go:208] Fast block: #1801720 [b9ce03c8…] TD=395736105788407
I1103 18:15:14.346300 p2p/server.go:313] Starting Server
I1103 18:15:14.818458 p2p/discover/udp.go:217] Listening, enode://fff52638f5ed5bfbfd48ba59f82a9f2fd57848a1797b68b69af8b0354b4f6aff031462579397bf46de99e0f35acebe48102583baa4bf11bb3ae0400c89d01649@[::]:30303
I1103 18:15:14.887805 p2p/server.go:556] Listening on [::]:30303
I1103 18:15:14.888244 eth/backend.go:454] Automatic pregeneration of ethash DAG ON (ethash dir: /home/daithi/.ethash)
I1103 18:15:14.899597 eth/backend.go:461] checking DAG (ethash dir: /home/daithi/.ethash)
I1103 18:15:15.288313 node/node.go:296] IPC endpoint opened: /home/daithi/.ethereum/testnet/geth.ipc
I1103 18:15:15.289589 node/node.go:366] HTTP endpoint opened: http://localhost:8545
I1103 18:15:15.290281 miner/miner.go:119] Starting mining operation (CPU=2 TOT=3)
I1103 18:15:16.090447 miner/worker.go:573] commit new work on block 1801721 with 0 txs & 0 uncles. Took 800.062445ms
I1103 18:15:16.090660 ethash.go:259] Generating DAG for epoch 60 (size 1577056384) (74ce656f3e0c00d548c6baf748a9af5e82136f6767bfd1a51ccb655fbd629f97)
I1103 18:15:18.271030 ethash.go:276] Done generating DAG for epoch 60, it took 2.180485958s
I1103 18:15:41.567140 miner/miner.go:119] Starting mining operation (CPU=2 TOT=5)
I1103 18:15:41.567842 miner/worker.go:573] commit new work on block 1801721 with 0 txs & 0 uncles. Took 607.259µs
I1103 18:15:54.819802 eth/downloader/downloader.go:319] Block synchronisation started
I1103 18:15:55.739115 miner/miner.go:75] Mining operation aborted due to sync operation
I1103 18:16:04.829138 core/blockchain.go:962] imported 2 block(s) (0 queued 0 ignored) including 3 txs in 7.644962929s. #1801722 [7d28bd3e / d4bc0bf2]
I1103 18:22:35.641650 eth/api.go:1191] Tx(0xf461544591fae528ef7797d0da797c185ec6429e2124054524eff181f74a9f1e) created: 0x97c41589d1f203aa1dad0c36d0672cf94bdde658
I1103 18:32:22.996393 eth/api.go:1191] Tx(0x1e80339487dc14731d2d786fbf93968f2907ef1ed384ddb3e418642c69e094ac) created: 0xb241f6d3852d7b2505603cf7700f4f060354b28d
I1103 18:33:46.747619 core/blockchain.go:962] imported 2048 block(s) (0 queued 0 ignored) including 2894 txs in 17m41.705400723s. #1803770 [4336e416 / 0076abd3]
I1103 18:36:00.303624 eth/api.go:1191] Tx(0x0e50891edd60cf3485b0e109cd17a9dd0cae64ba6e5851805461030099cff892) created: 0xe33a4b17086280fbd23bf4c6e0f657a29f5670fa
I1103 18:36:10.855481 core/blockchain.go:962] imported 546 block(s) (0 queued 0 ignored) including 884 txs in 2m24.081861038s. #1804316 [74183f2f / f1492e37]
I1103 18:39:50.249271 eth/api.go:1191] Tx(0x56d8ad2589f18f0bb0e3289fb6593f4b4de39f8a65e078b1c1833082c3f72919) created: 0x964da42b77be5b2fda87d6f4a2c4413452d9ef7c
I1103 18:44:00.254925 node/node.go:383] HTTP endpoint closed: http://localhost:8545
I1103 18:44:00.298064 node/node.go:328] IPC endpoint closed: /home/daithi/.ethereum/testnet/geth.ipc
I1103 18:44:00.378823 core/blockchain.go:962] imported 1655 block(s) (0 queued 0 ignored) including 2773 txs in 7m49.418810594s. #1806364 [34b562db / 394efb60]
I1103 18:44:00.386514 core/blockchain.go:565] Chain manager stopped
I1103 18:44:00.386567 eth/handler.go:224] Stopping ethereum protocol handler...
I1103 18:44:00.563118 eth/downloader/downloader.go:298] Synchronisation failed: block body download canceled (requested)
I1103 18:44:00.590598 miner/miner.go:119] Starting mining operation (CPU=2 TOT=3)
I1103 18:44:00.592823 miner/worker.go:573] commit new work on block 1805972 with 1 txs & 0 uncles. Took 2.16398ms
I1103 18:44:15.328919 eth/handler.go:245] Ethereum protocol handler stopped
I1103 18:44:31.887442 core/tx_pool.go:163] Transaction pool stopped
I1103 18:44:31.887549 eth/backend.go:500] Automatic pregeneration of ethash DAG OFF (ethash dir: /home/daithi/.ethash)
I1103 18:44:32.174199 ethdb/database.go:169] closed db:/home/daithi/.ethereum/testnet/chaindata
I1103 18:44:32.581531 ethdb/database.go:169] closed db:/home/daithi/.ethereum/testnet/dapp
I1103 18:44:44.079385 ethdb/database.go:82] Alloted 128MB cache and 1024 file handles to /home/daithi/.ethereum/testnet/chaindata
I1103 18:44:45.815961 ethdb/database.go:169] closed db:/home/daithi/.ethereum/testnet/chaindata
I1103 18:44:45.880737 ethdb/database.go:82] Alloted 128MB cache and 1024 file handles to /home/daithi/.ethereum/testnet/chaindata
I1103 18:44:46.330700 ethdb/database.go:82] Alloted 16MB cache and 16 file handles to /home/daithi/.ethereum/testnet/dapp
I1103 18:44:46.373159 eth/backend.go:172] Protocol Versions: [63 62], Network Id: 2
I1103 18:44:46.374019 core/genesis.go:92] Genesis block already in chain. Writing canonical number
I1103 18:44:46.374118 eth/backend.go:180] Successfully wrote custom genesis block: 0cd786a2425d16f152c658316c423e6ce1181e15c3295826d7c9904cba9ce303
I1103 18:44:46.374270 eth/backend.go:201] Blockchain DB Version: 3
I1103 18:44:46.376217 core/blockchain.go:206] Last header: #1805971 [c8120d38…] TD=396076216863974
I1103 18:44:46.376262 core/blockchain.go:207] Last block: #1805971 [c8120d38…] TD=396076216863974
I1103 18:44:46.376281 core/blockchain.go:208] Fast block: #1805971 [c8120d38…] TD=396076216863974
I1103 18:44:46.398617 p2p/server.go:313] Starting Server
I1103 18:44:46.701949 p2p/discover/udp.go:217] Listening, enode://fff52638f5ed5bfbfd48ba59f82a9f2fd57848a1797b68b69af8b0354b4f6aff031462579397bf46de99e0f35acebe48102583baa4bf11bb3ae0400c89d01649@[::]:30303
I1103 18:44:46.703018 p2p/server.go:556] Listening on [::]:30303
I1103 18:44:46.733546 node/node.go:366] HTTP endpoint opened: http://localhost:8545
I1103 18:44:46.745743 node/node.go:296] IPC endpoint opened: /home/daithi/.ethereum/testnet/geth.ipc
I1103 18:45:56.706944 eth/downloader/downloader.go:319] Block synchronisation started
E1103 18:46:05.140909 core/blockchain.go:1126] Bad block #1783000 (0xf376243aeff1f256d970714c3de9fd78fa4e63cf63e32a51fe1169e375d98145)
E1103 18:46:05.142117 core/blockchain.go:1127]     gas used error (219768 / 216168)
I1103 18:46:21.273678 eth/api.go:1191] Tx(0xfdd3e780f2c72c71a01c1ccb9355b5ad8b1c6cdd317b4e93aa19c27727da53b4) created: 0x97c41589d1f203aa1dad0c36d0672cf94bdde658
I1103 18:47:16.257377 core/blockchain.go:962] imported 1 block(s) (0 queued 0 ignored) including 0 txs in 10.002648ms. #1805972 [b9b0ef10 / b9b0ef10]
I1103 18:47:17.459094 core/blockchain.go:962] imported 2 block(s) (0 queued 0 ignored) including 4 txs in 126.832288ms. #1805974 [7149a024 / ad94b9ec]
I1103 18:47:18.841125 core/blockchain.go:962] imported 4 block(s) (0 queued 0 ignored) including 9 txs in 536.84522ms. #1805978 [056c35b6 / 7473eac5]
I1103 18:47:22.175092 core/blockchain.go:962] imported 14 block(s) (0 queued 0 ignored) including 19 txs in 1.921102647s. #1805992 [bf5b395c / e8dd412d]
I1103 18:47:25.122511 core/blockchain.go:962] imported 21 block(s) (0 queued 0 ignored) including 142 txs in 2.231624035s. #1806013 [2f6a7608 / 88aaadd3]
I1103 18:47:28.780232 core/blockchain.go:962] imported 37 block(s) (0 queued 0 ignored) including 55 txs in 3.654431104s. #1806050 [a91a89ac / bcda81f1]
I1103 18:47:37.677136 core/blockchain.go:962] imported 62 block(s) (0 queued 0 ignored) including 135 txs in 8.894954605s. #1806112 [b53d9d0e / a1271744]
I1103 18:47:56.814956 core/blockchain.go:962] imported 88 block(s) (0 queued 0 ignored) including 194 txs in 19.132330151s. #1806200 [e48fce6d / 153f06de]
I1103 18:49:55.924555 core/blockchain.go:962] imported 662 block(s) (0 queued 0 ignored) including 3557 txs in 1m59.092676573s. #1806862 [df76bc5b / aabb412a]
I1103 18:56:29.704636 core/blockchain.go:962] imported 2048 block(s) (0 queued 0 ignored) including 25375 txs in 6m33.689105512s. #1808910 [b14a778a / 715e3f25]
I1103 18:56:34.940148 node/node.go:383] HTTP endpoint closed: http://localhost:8545
I1103 18:56:34.940213 node/node.go:328] IPC endpoint closed: /home/daithi/.ethereum/testnet/geth.ipc
I1103 18:56:35.061021 core/blockchain.go:962] imported 6 block(s) (0 queued 0 ignored) including 11 txs in 5.334067154s. #1810958 [1b2e3a6a / 21826c59]
I1103 18:56:35.063723 core/blockchain.go:565] Chain manager stopped
I1103 18:56:35.063773 eth/handler.go:224] Stopping ethereum protocol handler...
I1103 18:56:35.070775 eth/downloader/downloader.go:298] Synchronisation failed: block body download canceled (requested)
I1103 18:56:35.518391 eth/handler.go:245] Ethereum protocol handler stopped
I1103 18:56:35.671512 core/tx_pool.go:163] Transaction pool stopped
I1103 18:56:35.671605 eth/backend.go:500] Automatic pregeneration of ethash DAG OFF (ethash dir: /home/daithi/.ethash)
I1103 18:56:36.435073 ethdb/database.go:169] closed db:/home/daithi/.ethereum/testnet/chaindata
I1103 18:56:36.435421 ethdb/database.go:169] closed db:/home/daithi/.ethereum/testnet/dapp
I1103 19:52:37.029882 ethdb/database.go:82] Alloted 128MB cache and 1024 file handles to /home/daithi/.ethereum/testnet/chaindata
I1103 19:52:38.175484 ethdb/database.go:169] closed db:/home/daithi/.ethereum/testnet/chaindata
I1103 19:52:38.176255 ethdb/database.go:82] Alloted 128MB cache and 1024 file handles to /home/daithi/.ethereum/testnet/chaindata
I1103 19:52:38.424796 ethdb/database.go:82] Alloted 16MB cache and 16 file handles to /home/daithi/.ethereum/testnet/dapp
I1103 19:52:38.430678 eth/backend.go:172] Protocol Versions: [63 62], Network Id: 2
I1103 19:52:38.434033 core/genesis.go:92] Genesis block already in chain. Writing canonical number
I1103 19:52:38.435912 eth/backend.go:180] Successfully wrote custom genesis block: 0cd786a2425d16f152c658316c423e6ce1181e15c3295826d7c9904cba9ce303
I1103 19:52:38.442977 eth/backend.go:201] Blockchain DB Version: 3
I1103 19:52:38.446571 core/blockchain.go:206] Last header: #1808916 [1345432e…] TD=396296700122050
I1103 19:52:38.448375 core/blockchain.go:207] Last block: #1808916 [1345432e…] TD=396296700122050
I1103 19:52:38.450047 core/blockchain.go:208] Fast block: #1808916 [1345432e…] TD=396296700122050
I1103 19:52:38.466437 p2p/server.go:313] Starting Server
I1103 19:52:39.306582 p2p/discover/udp.go:217] Listening, enode://fff52638f5ed5bfbfd48ba59f82a9f2fd57848a1797b68b69af8b0354b4f6aff031462579397bf46de99e0f35acebe48102583baa4bf11bb3ae0400c89d01649@[::]:30303
I1103 19:52:39.332439 node/node.go:366] HTTP endpoint opened: http://localhost:8545
I1103 19:52:39.357049 p2p/server.go:556] Listening on [::]:30303
I1103 19:52:39.357791 node/node.go:296] IPC endpoint opened: /home/daithi/.ethereum/testnet/geth.ipc
I1103 19:54:39.358024 eth/downloader/downloader.go:319] Block synchronisation started
I1103 19:54:54.999192 core/blockchain.go:962] imported 3 block(s) (0 queued 0 ignored) including 8 txs in 3.048103038s. #1808919 [68b1872d / 4b605db1]
I1103 19:54:55.255349 core/blockchain.go:962] imported 2 block(s) (0 queued 0 ignored) including 3 txs in 255.939589ms. #1808921 [3b788aaa / c32c4f49]
I1103 19:54:56.846907 core/blockchain.go:962] imported 10 block(s) (0 queued 0 ignored) including 14 txs in 1.224671328s. #1808931 [15ac47b7 / 70d2bebd]
I1103 19:55:02.128320 core/blockchain.go:962] imported 16 block(s) (0 queued 0 ignored) including 23 txs in 2.859842313s. #1808947 [eead7cd6 / d587375b]
I1103 19:55:05.477368 core/blockchain.go:962] imported 19 block(s) (0 queued 0 ignored) including 39 txs in 3.347283743s. #1808966 [cd4e2233 / ffbc709b]
I1103 19:55:10.698079 core/blockchain.go:962] imported 31 block(s) (0 queued 0 ignored) including 49 txs in 5.217725486s. #1808997 [2b6df39b / 429a3a6a]
I1103 19:55:23.707578 core/blockchain.go:962] imported 105 block(s) (0 queued 0 ignored) including 185 txs in 13.006688695s. #1809102 [0063a83e / 5be93fe5]
I1103 19:55:46.487927 core/blockchain.go:962] imported 117 block(s) (0 queued 0 ignored) including 227 txs in 22.77684624s. #1809219 [38fac8c0 / 79b362cb]
I1103 19:57:09.811609 core/blockchain.go:962] imported 426 block(s) (0 queued 0 ignored) including 4599 txs in 1m23.316802517s. #1809645 [0af1e60e / 5ad96b90]
I1103 20:03:02.364624 core/blockchain.go:962] imported 2048 block(s) (0 queued 0 ignored) including 6346 txs in 5m52.494083371s. #1811693 [b0cdde00 / a976771a]
I1103 20:07:43.276025 core/blockchain.go:962] imported 1834 block(s) (0 queued 0 ignored) including 18268 txs in 4m40.901874504s. #1813527 [86c7f708 / 6afbf8a3]
I1103 20:12:16.119470 core/blockchain.go:962] imported 2048 block(s) (0 queued 0 ignored) including 3741 txs in 4m32.717646862s. #1815575 [6121a818 / 8f2e2847]
I1103 20:17:51.473550 core/blockchain.go:962] imported 2048 block(s) (0 queued 0 ignored) including 4271 txs in 5m35.332910567s. #1817623 [3c22e3b6 / a4fed299]
I1103 20:22:14.937628 core/blockchain.go:962] imported 2048 block(s) (0 queued 0 ignored) including 2523 txs in 4m23.450438178s. #1819671 [950427b1 / 792be1dc]
I1103 20:26:56.315471 core/blockchain.go:962] imported 2048 block(s) (0 queued 0 ignored) including 2577 txs in 4m41.360890021s. #1821719 [d1307146 / 73688d81]
I1103 20:31:29.987064 core/blockchain.go:962] imported 2048 block(s) (0 queued 0 ignored) including 2743 txs in 4m33.577218627s. #1823767 [ffaf690c / 60d2c547]
I1103 20:37:54.031042 core/blockchain.go:962] imported 2048 block(s) (0 queued 0 ignored) including 3496 txs in 6m24.033377281s. #1825815 [ec8e68ea / 8071967d]
I1103 20:54:03.910483 core/blockchain.go:962] imported 2048 block(s) (0 queued 0 ignored) including 3560 txs in 16m9.533864453s. #1827863 [06fd6fdf / b8609506]
I1103 21:10:48.770561 core/blockchain.go:962] imported 2048 block(s) (0 queued 0 ignored) including 3884 txs in 16m44.805992335s. #1829911 [cd07ab4e / 6f010699]
I1103 21:10:48.859191 eth/downloader/downloader.go:298] Synchronisation failed: block body download canceled (requested)
E1103 21:11:05.815692 core/blockchain.go:1126] Bad block #1783000 (0xf376243aeff1f256d970714c3de9fd78fa4e63cf63e32a51fe1169e375d98145)
E1103 21:11:05.815755 core/blockchain.go:1127]     gas used error (219768 / 216168)
E1103 21:11:10.447745 core/blockchain.go:1126] Bad block #1783000 (0xf376243aeff1f256d970714c3de9fd78fa4e63cf63e32a51fe1169e375d98145)
E1103 21:11:10.447795 core/blockchain.go:1127]     gas used error (219768 / 216168)
E1103 21:11:33.121796 core/blockchain.go:1126] Bad block #1783000 (0xf376243aeff1f256d970714c3de9fd78fa4e63cf63e32a51fe1169e375d98145)
E1103 21:11:33.121840 core/blockchain.go:1127]     gas used error (219768 / 216168)
I1103 21:11:41.838008 node/node.go:383] HTTP endpoint closed: http://localhost:8545
I1103 21:11:41.882879 node/node.go:328] IPC endpoint closed: /home/daithi/.ethereum/testnet/geth.ipc
I1103 21:11:41.959912 core/blockchain.go:565] Chain manager stopped
I1103 21:11:41.959964 eth/handler.go:224] Stopping ethereum protocol handler...
I1103 21:11:41.997183 eth/downloader/downloader.go:298] Synchronisation failed: header processing canceled (requested)
I1103 21:11:42.395531 eth/handler.go:245] Ethereum protocol handler stopped
I1103 21:11:42.395644 core/tx_pool.go:163] Transaction pool stopped
I1103 21:11:42.395698 eth/backend.go:500] Automatic pregeneration of ethash DAG OFF (ethash dir: /home/daithi/.ethash)
I1103 21:11:43.333542 ethdb/database.go:169] closed db:/home/daithi/.ethereum/testnet/chaindata
I1103 21:11:43.340860 ethdb/database.go:169] closed db:/home/daithi/.ethereum/testnet/dapp
I1103 22:36:29.129797 ethdb/database.go:82] Alloted 128MB cache and 1024 file handles to /home/daithi/.ethereum/testnet/chaindata
I1103 22:36:32.613130 ethdb/database.go:169] closed db:/home/daithi/.ethereum/testnet/chaindata
I1103 22:36:32.695110 ethdb/database.go:82] Alloted 128MB cache and 1024 file handles to /home/daithi/.ethereum/testnet/chaindata
I1103 22:36:33.004803 ethdb/database.go:82] Alloted 16MB cache and 16 file handles to /home/daithi/.ethereum/testnet/dapp
I1103 22:36:33.065605 eth/backend.go:172] Protocol Versions: [63 62], Network Id: 2
I1103 22:36:33.067723 core/genesis.go:92] Genesis block already in chain. Writing canonical number
I1103 22:36:33.067838 eth/backend.go:180] Successfully wrote custom genesis block: 0cd786a2425d16f152c658316c423e6ce1181e15c3295826d7c9904cba9ce303
I1103 22:36:33.200524 eth/backend.go:201] Blockchain DB Version: 3
I1103 22:36:33.201877 core/blockchain.go:206] Last header: #1829911 [6f010699…] TD=397816920331230
I1103 22:36:33.201911 core/blockchain.go:207] Last block: #1829911 [6f010699…] TD=397816920331230
I1103 22:36:33.201929 core/blockchain.go:208] Fast block: #1829911 [6f010699…] TD=397816920331230
I1103 22:36:33.249581 p2p/server.go:313] Starting Server
I1103 22:36:35.108242 p2p/discover/udp.go:217] Listening, enode://fff52638f5ed5bfbfd48ba59f82a9f2fd57848a1797b68b69af8b0354b4f6aff031462579397bf46de99e0f35acebe48102583baa4bf11bb3ae0400c89d01649@[::]:30303
I1103 22:36:35.133505 p2p/server.go:556] Listening on [::]:30303
I1103 22:36:35.202914 node/node.go:296] IPC endpoint opened: /home/daithi/.ethereum/testnet/geth.ipc
I1103 22:36:35.229579 node/node.go:366] HTTP endpoint opened: http://localhost:8545
I1103 22:37:25.134000 eth/downloader/downloader.go:319] Block synchronisation started
I1103 22:37:53.580237 core/blockchain.go:962] imported 2 block(s) (0 queued 0 ignored) including 4 txs in 3.284533574s. #1829913 [6764351d / 800e42ea]
I1103 22:37:55.774389 core/blockchain.go:962] imported 2 block(s) (0 queued 0 ignored) including 1 txs in 276.092255ms. #1829915 [e2df2426 / 7754b784]
I1103 22:37:57.030676 core/blockchain.go:962] imported 3 block(s) (0 queued 0 ignored) including 4 txs in 1.256094865s. #1829918 [cf66fe51 / bcb2ccd2]
I1103 22:38:13.053421 core/blockchain.go:962] imported 23 block(s) (0 queued 0 ignored) including 42 txs in 11.418303564s. #1829941 [89ec787c / 639d06a2]
I1103 22:38:28.929463 core/blockchain.go:962] imported 18 block(s) (0 queued 0 ignored) including 33 txs in 15.347001051s. #1829959 [e70a686f / 2a20868a]
I1103 22:38:54.314695 core/blockchain.go:962] imported 71 block(s) (0 queued 0 ignored) including 123 txs in 24.418023166s. #1830030 [ee7bb60f / c7ac6af1]
I1103 22:41:19.838393 eth/api.go:1191] Tx(0x96a62e1666f304a177ccf571f49e2e31a0f2a4329243d5499c3df196bb7137cf) created: 0xb241f6d3852d7b2505603cf7700f4f060354b28d
I1103 22:42:41.753415 eth/api.go:1191] Tx(0xb63be0a2883e7e1465a6dca37121fa18fe38ff34d0a03dd1b69e4e08dfabbb9d) created: 0xe33a4b17086280fbd23bf4c6e0f657a29f5670fa
I1103 22:44:46.521041 core/blockchain.go:962] imported 1225 block(s) (0 queued 0 ignored) including 1703 txs in 5m52.187335182s. #1831255 [3cce0cd1 / bc425d63]
I1103 22:44:46.521551 eth/downloader/downloader.go:298] Synchronisation failed: block body download canceled (requested)
E1103 22:45:07.127544 core/blockchain.go:1126] Bad block #1783000 (0xf376243aeff1f256d970714c3de9fd78fa4e63cf63e32a51fe1169e375d98145)
E1103 22:45:07.130951 core/blockchain.go:1127]     gas used error (219768 / 216168)
I1103 22:45:14.432855 core/blockchain.go:962] imported 1 block(s) (0 queued 0 ignored) including 0 txs in 6.481538ms. #1831256 [64bcff40 / 64bcff40]
I1103 22:45:16.998964 core/blockchain.go:962] imported 2 block(s) (0 queued 0 ignored) including 3 txs in 132.314974ms. #1831258 [b647a1ef / b3f253c0]
I1103 22:45:26.816862 core/blockchain.go:962] imported 3 block(s) (0 queued 0 ignored) including 3 txs in 268.303005ms. #1831261 [2f7d29d3 / 534877bb]
I1103 22:55:40.151872 core/blockchain.go:962] imported 2048 block(s) (0 queued 0 ignored) including 3369 txs in 10m8.600710452s. #1833309 [e0d34478 / 2a2139ce]
I1103 22:57:22.670455 core/blockchain.go:962] imported 284 block(s) (0 queued 0 ignored) including 356 txs in 1m42.510723176s. #1833593 [ec985164 / e1278f44]
E1103 22:57:51.410204 core/blockchain.go:1126] Bad block #1783000 (0xf376243aeff1f256d970714c3de9fd78fa4e63cf63e32a51fe1169e375d98145)
E1103 22:57:51.410254 core/blockchain.go:1127]     gas used error (219768 / 216168)
I1103 22:57:58.108316 core/blockchain.go:962] imported 2 block(s) (0 queued 0 ignored) including 2 txs in 369.624538ms. #1833595 [7d78b106 / ca060221]
I1103 22:57:59.590261 core/blockchain.go:962] imported 2 block(s) (0 queued 0 ignored) including 4 txs in 1.48123506s. #1833597 [8a966ec4 / 92617a52]
I1103 22:58:00.542228 core/blockchain.go:962] imported 2 block(s) (0 queued 0 ignored) including 3 txs in 951.791617ms. #1833599 [d9c2b87b / 5e241d68]
I1103 22:58:06.890300 core/blockchain.go:962] imported 23 block(s) (0 queued 0 ignored) including 29 txs in 6.344958488s. #1833622 [8b25b740 / 88c2cc50]
I1103 22:58:18.722573 core/blockchain.go:962] imported 1 block(s) (0 queued 0 ignored) including 0 txs in 6.130937ms. #1833623 [96175c03 / 96175c03]
I1103 22:58:19.138640 core/blockchain.go:962] imported 0 block(s) (0 queued 1 ignored) including 0 txs in 6.052039ms. #1833623 [96175c03 / 96175c03]
I1103 22:59:43.952029 core/blockchain.go:962] imported 1 block(s) (0 queued 0 ignored) including 2 txs in 15.44896ms. #1833624 [c4c697fb / c4c697fb]
I1103 22:59:51.321088 core/blockchain.go:962] imported 1 block(s) (0 queued 0 ignored) including 0 txs in 6.679745ms. #1833625 [c3f07687 / c3f07687]
I1103 23:00:27.883374 eth/api.go:1191] Tx(0x56ca2e2b78e2c02a83fa3db4b043003f98dae217220d91f8f78fb649e04f86e2) created: 0x941e0137650c7a369e0ccb46f314321a483b4760
I1103 23:01:02.222922 core/blockchain.go:962] imported 1 block(s) (0 queued 0 ignored) including 1 txs in 10.652301ms. #1833626 [e777005b / e777005b]
I1103 23:02:07.956936 eth/downloader/downloader.go:298] Synchronisation failed: block download canceled (requested)
I1103 23:03:25.380990 core/blockchain.go:962] imported 1 block(s) (0 queued 0 ignored) including 2 txs in 10.573237ms. #1833627 [aab59d8a / aab59d8a]
I1103 23:03:26.176423 eth/api.go:1193] Tx(0xf42597ad95e1cec934c307b169ac2ca7473bec6e6c752c6aaa11ecdfd3b4653c) to: 0x941e0137650c7a369e0ccb46f314321a483b4760
I1103 23:03:51.310108 core/blockchain.go:962] imported 1 block(s) (0 queued 0 ignored) including 2 txs in 14.293449ms. #1833628 [a42caf55 / a42caf55]
I1103 23:04:33.074179 core/blockchain.go:962] imported 1 block(s) (0 queued 0 ignored) including 2 txs in 23.998266ms. #1833629 [52d89e1f / 52d89e1f]
I1103 23:04:34.002397 eth/api.go:1191] Tx(0xf6be283f1e5f4577e78fc23b8ce838c8f7aea9a91d818257661ea2c7c9fc7d9a) created: 0xe5e5b4cdadbd59e62243b395a85f89a642c57b01
I1103 23:04:45.359185 core/blockchain.go:962] imported 1 block(s) (0 queued 0 ignored) including 1 txs in 20.326849ms. #1833630 [b0fc05bb / b0fc05bb]
I1103 23:04:59.840511 eth/downloader/downloader.go:298] Synchronisation failed: block download canceled (requested)
I1103 23:05:34.707962 eth/downloader/downloader.go:298] Synchronisation failed: block header download canceled (requested)
I1103 23:07:35.940338 core/blockchain.go:962] imported 1 block(s) (0 queued 0 ignored) including 2 txs in 21.6987ms. #1833631 [4746e2a2 / 4746e2a2]
I1103 23:07:43.300579 core/blockchain.go:962] imported 1 block(s) (0 queued 0 ignored) including 1 txs in 53.474312ms. #1833632 [13d7842e / 13d7842e]
I1103 23:08:03.433559 core/blockchain.go:962] imported 1 block(s) (0 queued 0 ignored) including 2 txs in 13.531277ms. #1833633 [2ef4e87f / 2ef4e87f]
I1103 23:08:16.755255 core/blockchain.go:962] imported 1 block(s) (0 queued 0 ignored) including 1 txs in 25.688637ms. #1833634 [9c2a4c32 / 9c2a4c32]
I1103 23:08:30.031312 core/blockchain.go:962] imported 1 block(s) (0 queued 0 ignored) including 1 txs in 11.286688ms. #1833635 [d2159dff / d2159dff]
I1103 23:09:04.962033 core/blockchain.go:962] imported 1 block(s) (0 queued 0 ignored) including 1 txs in 10.61457ms. #1833636 [dea0b302 / dea0b302]
I1103 23:09:37.409989 core/blockchain.go:962] imported 1 block(s) (0 queued 0 ignored) including 1 txs in 10.013992ms. #1833637 [e1cbf14a / e1cbf14a]
